2025-06-15T12:23:54.760Z [32minfo[39m: Password is Missing
2025-06-15T12:25:56.226Z [32minfo[39m: Password is Missing
2025-06-15T12:29:58.262Z [32minfo[39m: Server started...
2025-06-15T12:30:05.756Z [32minfo[39m: Server started...
2025-06-15T14:10:01.468Z [32minfo[39m: Server started...
2025-06-15T14:23:14.548Z [32minfo[39m: Server started...
2025-06-15T14:27:10.391Z [32minfo[39m: Server started...
2025-06-15T14:33:10.675Z [32minfo[39m: Server started...
2025-06-15T14:33:12.675Z [32minfo[39m: Server started...
2025-06-15T14:33:15.587Z [32minfo[39m: Server started...
2025-06-15T14:39:27.615Z [31merror[39m: Auth middleware error: invalid signature
2025-06-15T14:40:02.816Z [31merror[39m: Auth middleware error: invalid signature
2025-06-15T14:40:43.993Z [31merror[39m: Auth middleware error: jwt malformed
2025-06-15T14:41:31.080Z [31merror[39m: Auth middleware error: jwt malformed
2025-06-15T14:41:45.076Z [31merror[39m: Auth middleware error: jwt malformed
2025-06-15T14:42:05.562Z [31merror[39m: Auth middleware error: invalid signature
2025-06-16T05:05:56.236Z [32minfo[39m: Server started...
2025-06-17T05:40:47.252Z [32minfo[39m: Server started...
2025-06-17T05:58:06.829Z [32minfo[39m: Server started...
2025-06-17T05:58:09.115Z [32minfo[39m: Server started...
2025-06-17T05:58:11.708Z [32minfo[39m: Server started...
2025-06-17T05:58:13.342Z [32minfo[39m: Server started...
2025-06-17T06:07:02.561Z [32minfo[39m: Server started...
2025-06-17T06:07:08.509Z [32minfo[39m: Server started...
2025-06-17T06:07:22.655Z [32minfo[39m: Server started...
2025-06-17T06:07:36.879Z [32minfo[39m: Server started...
2025-06-17T06:11:21.397Z [32minfo[39m: Server started...
2025-06-17T06:11:25.905Z [32minfo[39m: Server started...
2025-06-17T06:11:27.259Z [32minfo[39m: Server started...
2025-06-17T06:11:28.553Z [32minfo[39m: Server started...
2025-06-17T06:11:35.130Z [32minfo[39m: Server started...
2025-06-17T06:11:36.906Z [32minfo[39m: Server started...
2025-06-17T06:11:38.274Z [32minfo[39m: Server started...
2025-06-17T06:15:07.549Z [32minfo[39m: Server started...
2025-06-17T06:15:10.204Z [32minfo[39m: Server started...
2025-06-17T06:15:17.229Z [32minfo[39m: Server started...
2025-06-17T06:15:43.415Z [32minfo[39m: Server started...
2025-06-17T06:15:45.836Z [32minfo[39m: Server started...
2025-06-17T06:15:47.257Z [32minfo[39m: Server started...
2025-06-17T06:16:26.771Z [32minfo[39m: Server started...
2025-06-17T06:22:35.450Z [32minfo[39m: Server started...
2025-06-17T06:22:37.877Z [32minfo[39m: Server started...
2025-06-17T06:22:48.963Z [32minfo[39m: Server started...
2025-06-17T06:24:34.483Z [32minfo[39m: Server started...
2025-06-17T06:24:56.633Z [32minfo[39m: Server started...
2025-06-17T06:25:23.232Z [32minfo[39m: Server started...
2025-06-17T06:25:26.801Z [32minfo[39m: Server started...
2025-06-17T06:25:30.283Z [32minfo[39m: Server started...
2025-06-17T06:25:32.308Z [31merror[39m: Auth middleware error: invalid signature
2025-06-17T06:25:32.323Z [31merror[39m: Auth middleware error: invalid signature
2025-06-17T06:25:35.678Z [31merror[39m: Auth middleware error: invalid signature
2025-06-17T06:25:56.161Z [31merror[39m: Auth middleware error: invalid signature
2025-06-17T06:25:56.176Z [31merror[39m: Auth middleware error: invalid signature
2025-06-17T06:27:23.164Z [32minfo[39m: Server started...
2025-06-17T06:28:14.330Z [31merror[39m: Auth middleware error: invalid signature
2025-06-17T06:30:52.997Z [31merror[39m: Auth middleware error: invalid signature
2025-06-17T06:33:03.253Z [31merror[39m: Auth middleware error: invalid signature
2025-06-17T06:33:03.261Z [31merror[39m: Auth middleware error: invalid signature
2025-06-17T06:33:10.815Z [31merror[39m: Auth middleware error: invalid signature
2025-06-17T06:36:13.613Z [31merror[39m: Auth middleware error: invalid signature
2025-06-17T06:36:13.627Z [31merror[39m: Auth middleware error: invalid signature
2025-06-17T06:36:32.398Z [31merror[39m: Auth middleware error: invalid signature
2025-06-17T06:37:15.236Z [32minfo[39m: Server started...
2025-06-17T06:43:54.338Z [32minfo[39m: Server started...
2025-06-17T06:43:57.085Z [32minfo[39m: Server started...
2025-06-17T06:46:04.354Z [32minfo[39m: Server started...
2025-06-17T06:46:21.624Z [32minfo[39m: Server started...
2025-06-17T06:46:24.322Z [32minfo[39m: Server started...
2025-06-17T06:47:39.391Z [32minfo[39m: Server started...
2025-06-17T06:47:47.385Z [32minfo[39m: Server started...
2025-06-17T06:47:51.227Z [32minfo[39m: Server started...
2025-06-17T06:48:08.592Z [32minfo[39m: Server started...
2025-06-17T06:48:26.552Z [32minfo[39m: Server started...
2025-06-17T06:48:28.163Z [32minfo[39m: Server started...
2025-06-17T06:48:32.829Z [32minfo[39m: Server started...
2025-06-17T06:48:47.658Z [32minfo[39m: Server started...
2025-06-17T06:49:03.922Z [32minfo[39m: Server started...
2025-06-17T06:50:03.451Z [32minfo[39m: Server started...
2025-06-17T06:50:08.904Z [32minfo[39m: Server started...
2025-06-17T06:50:13.493Z [32minfo[39m: Server started...
2025-06-17T06:55:24.549Z [32minfo[39m: Server started...
2025-06-17T06:55:41.135Z [32minfo[39m: Server started...
2025-06-17T06:55:48.912Z [32minfo[39m: Server started...
2025-06-17T06:56:08.477Z [32minfo[39m: Server started...
2025-06-17T06:56:40.924Z [32minfo[39m: Server started...
2025-06-17T06:56:55.530Z [32minfo[39m: Server started...
2025-06-17T06:57:16.852Z [32minfo[39m: Server started...
2025-06-17T06:57:31.665Z [32minfo[39m: Server started...
2025-06-19T05:56:26.242Z [32minfo[39m: Server started...
2025-06-19T06:23:57.193Z [32minfo[39m: Server started...
2025-06-19T06:30:19.938Z [32minfo[39m: Server started...
2025-06-19T06:30:22.555Z [32minfo[39m: Server started...
2025-06-19T06:30:24.860Z [32minfo[39m: Server started...
2025-06-19T06:32:05.780Z [32minfo[39m: Server started...
2025-06-19T06:32:23.128Z [32minfo[39m: Server started...
2025-06-19T06:32:27.717Z [32minfo[39m: Server started...
2025-06-19T06:32:32.073Z [32minfo[39m: Server started...
2025-06-19T06:32:41.175Z [32minfo[39m: Server started...
2025-06-19T06:36:57.845Z [32minfo[39m: Server started...
2025-06-19T06:37:03.089Z [32minfo[39m: Server started...
2025-06-19T08:42:08.923Z [32minfo[39m: Server started...
2025-06-19T08:42:11.296Z [32minfo[39m: Server started...
2025-06-19T08:42:13.239Z [32minfo[39m: Server started...
2025-06-19T08:44:09.550Z [32minfo[39m: Server started...
2025-06-19T08:44:12.652Z [32minfo[39m: Server started...
2025-06-19T08:44:15.681Z [32minfo[39m: Server started...
2025-06-19T10:53:53.210Z [32minfo[39m: Server started...
2025-06-19T10:54:28.497Z [32minfo[39m: Server started...
2025-06-19T10:54:43.374Z [32minfo[39m: Server started...
2025-06-19T10:54:49.949Z [32minfo[39m: Server started...
2025-06-19T10:54:51.555Z [32minfo[39m: Server started...
2025-06-19T10:54:54.819Z [32minfo[39m: Server started...
2025-06-19T11:02:56.778Z [32minfo[39m: Server started...
2025-06-19T11:31:20.720Z [32minfo[39m: Server started...
2025-06-19T11:31:29.540Z [32minfo[39m: Server started...
2025-06-19T11:31:31.246Z [32minfo[39m: Server started...
2025-06-19T11:51:59.571Z [32minfo[39m: Server started...
2025-06-19T11:52:11.710Z [32minfo[39m: Server started...
2025-06-19T11:52:27.454Z [32minfo[39m: Server started...
2025-06-19T11:52:35.862Z [32minfo[39m: Server started...
2025-06-19T11:52:38.076Z [32minfo[39m: Server started...
2025-06-19T11:52:41.838Z [32minfo[39m: Server started...
2025-06-19T11:53:03.591Z [32minfo[39m: Server started...
2025-06-19T11:53:05.113Z [32minfo[39m: Server started...
2025-06-19T11:56:17.797Z [32minfo[39m: Server started...
2025-06-19T11:56:19.607Z [32minfo[39m: Server started...
2025-06-19T11:56:44.393Z [32minfo[39m: Server started...
2025-06-19T11:56:48.124Z [32minfo[39m: Server started...
2025-06-19T11:56:52.852Z [32minfo[39m: Server started...
2025-06-19T12:02:20.257Z [32minfo[39m: Server started...
2025-06-19T12:08:40.873Z [32minfo[39m: Server started...
2025-06-19T12:13:59.975Z [32minfo[39m: Server started...
2025-06-19T12:14:06.748Z [32minfo[39m: Server started...
2025-06-19T12:14:20.828Z [32minfo[39m: Server started...
2025-06-19T12:15:03.666Z [32minfo[39m: Server started...
2025-06-19T12:15:53.155Z [32minfo[39m: Server started...
2025-06-19T12:15:55.636Z [32minfo[39m: Server started...
2025-06-19T12:16:01.759Z [32minfo[39m: Server started...
2025-06-19T12:16:04.624Z [32minfo[39m: Server started...
2025-06-19T12:16:32.030Z [32minfo[39m: Server started...
2025-06-19T12:33:19.721Z [32minfo[39m: MainKit already exists.
2025-06-19T12:36:34.649Z [32minfo[39m: MainKit already exists.
2025-06-19T12:37:22.204Z [32minfo[39m: MainKit already exists.
2025-06-19T12:41:09.478Z [32minfo[39m: Server started...
2025-06-19T12:41:26.238Z [32minfo[39m: Server started...
2025-06-19T12:41:27.970Z [32minfo[39m: Server started...
2025-06-19T12:42:13.611Z [32minfo[39m: MainKit already exists.
2025-06-19T14:32:58.910Z [32minfo[39m: Server started...
2025-06-19T14:33:02.635Z [32minfo[39m: Server started...
2025-06-19T14:33:07.223Z [32minfo[39m: Server started...
2025-06-19T14:33:11.326Z [32minfo[39m: Server started...
2025-06-19T14:33:15.022Z [32minfo[39m: Server started...
2025-06-19T14:33:17.231Z [32minfo[39m: Server started...
2025-06-19T14:33:20.737Z [32minfo[39m: Server started...
2025-06-19T14:33:25.170Z [32minfo[39m: Server started...
2025-06-19T14:33:29.096Z [32minfo[39m: Server started...
2025-06-19T14:33:32.036Z [32minfo[39m: Server started...
2025-06-19T14:33:40.894Z [32minfo[39m: Server started...
2025-06-19T14:34:27.643Z [32minfo[39m: Server started...
2025-06-19T14:34:31.778Z [32minfo[39m: Server started...
2025-06-19T14:35:03.663Z [32minfo[39m: Server started...
2025-06-19T14:35:47.050Z [32minfo[39m: Server started...
2025-06-19T14:35:56.644Z [32minfo[39m: Server started...
2025-06-19T14:36:36.622Z [32minfo[39m: Server started...
2025-06-19T14:36:40.817Z [32minfo[39m: Server started...
2025-06-19T14:36:47.490Z [32minfo[39m: Server started...
2025-06-19T14:36:48.969Z [32minfo[39m: Server started...
2025-06-19T14:38:14.078Z [32minfo[39m: Server started...
2025-06-19T14:38:22.522Z [32minfo[39m: Server started...
2025-06-19T14:38:25.336Z [32minfo[39m: Server started...
2025-06-19T14:38:51.536Z [32minfo[39m: Server started...
2025-06-19T14:39:02.326Z [32minfo[39m: Server started...
2025-06-19T14:39:06.718Z [32minfo[39m: Server started...
2025-06-19T14:39:17.535Z [32minfo[39m: Server started...
2025-06-19T14:39:43.458Z [32minfo[39m: Server started...
2025-06-19T14:39:50.608Z [32minfo[39m: Server started...
2025-06-19T14:39:54.134Z [32minfo[39m: Server started...
2025-06-19T14:39:57.547Z [32minfo[39m: Server started...
2025-06-19T14:39:59.462Z [32minfo[39m: Server started...
2025-06-19T14:40:06.189Z [32minfo[39m: Server started...
2025-06-19T14:40:15.294Z [32minfo[39m: Server started...
2025-06-19T14:40:19.620Z [32minfo[39m: Server started...
2025-06-19T14:40:34.942Z [32minfo[39m: Server started...
2025-06-19T14:40:37.758Z [32minfo[39m: Server started...
2025-06-19T14:40:44.768Z [32minfo[39m: Server started...
2025-06-19T14:40:51.748Z [32minfo[39m: Server started...
2025-06-19T14:40:57.940Z [32minfo[39m: Server started...
2025-06-19T14:41:20.992Z [32minfo[39m: Server started...
2025-06-19T14:49:27.664Z [32minfo[39m: Server started...
2025-06-19T14:49:31.056Z [32minfo[39m: Server started...
2025-06-19T14:49:34.893Z [32minfo[39m: Server started...
2025-06-19T14:49:46.052Z [32minfo[39m: Server started...
2025-06-19T14:49:50.983Z [32minfo[39m: Server started...
